Determining if the pthread_create exist failed with the following output:
Change Dir: /home/leo/Desktop/Untitled Folder/cmake-build-debug/CMakeFiles/CMakeTmp

Run Build Command:"/usr/bin/make" "cmTC_ae1e2/fast"
/usr/bin/make -f CMakeFiles/cmTC_ae1e2.dir/build.make CMakeFiles/cmTC_ae1e2.dir/build
make[1]: Entering directory `/home/leo/Desktop/Untitled Folder/cmake-build-debug/CMakeFiles/CMakeTmp'
Building C object CMakeFiles/cmTC_ae1e2.dir/CheckSymbolExists.c.o
/usr/bin/cc    -fPIC    -o CMakeFiles/cmTC_ae1e2.dir/CheckSymbolExists.c.o   -c "/home/leo/Desktop/Untitled Folder/cmake-build-debug/CMakeFiles/CMakeTmp/CheckSymbolExists.c"
Linking C executable cmTC_ae1e2
/home/leo/Downloads/clion-2017.1.3/bin/cmake/bin/cmake -E cmake_link_script CMakeFiles/cmTC_ae1e2.dir/link.txt --verbose=1
/usr/bin/cc  -fPIC     CMakeFiles/cmTC_ae1e2.dir/CheckSymbolExists.c.o  -o cmTC_ae1e2 -rdynamic 
CMakeFiles/cmTC_ae1e2.dir/CheckSymbolExists.c.o: In function `main':
CheckSymbolExists.c:(.text+0x1b): undefined reference to `pthread_create'
collect2: error: ld returned 1 exit status
make[1]: *** [cmTC_ae1e2] Error 1
make[1]: Leaving directory `/home/leo/Desktop/Untitled Folder/cmake-build-debug/CMakeFiles/CMakeTmp'
make: *** [cmTC_ae1e2/fast] Error 2

File /home/leo/Desktop/Untitled Folder/cmake-build-debug/CMakeFiles/CMakeTmp/CheckSymbolExists.c:
/* */
#include <pthread.h>

int main(int argc, char** argv)
{
  (void)argv;
#ifndef pthread_create
  return ((int*)(&pthread_create))[argc];
#else
  (void)argc;
  return 0;
#endif
}

Determining if the function pthread_create exists in the pthreads failed with the following output:
Change Dir: /home/leo/Desktop/Untitled Folder/cmake-build-debug/CMakeFiles/CMakeTmp

Run Build Command:"/usr/bin/make" "cmTC_a5ab9/fast"
/usr/bin/make -f CMakeFiles/cmTC_a5ab9.dir/build.make CMakeFiles/cmTC_a5ab9.dir/build
make[1]: Entering directory `/home/leo/Desktop/Untitled Folder/cmake-build-debug/CMakeFiles/CMakeTmp'
Building C object CMakeFiles/cmTC_a5ab9.dir/CheckFunctionExists.c.o
/usr/bin/cc    -fPIC -DCHECK_FUNCTION_EXISTS=pthread_create   -o CMakeFiles/cmTC_a5ab9.dir/CheckFunctionExists.c.o   -c /home/leo/Downloads/clion-2017.1.3/bin/cmake/share/cmake-3.7/Modules/CheckFunctionExists.c
Linking C executable cmTC_a5ab9
/home/leo/Downloads/clion-2017.1.3/bin/cmake/bin/cmake -E cmake_link_script CMakeFiles/cmTC_a5ab9.dir/link.txt --verbose=1
/usr/bin/cc  -fPIC -DCHECK_FUNCTION_EXISTS=pthread_create    CMakeFiles/cmTC_a5ab9.dir/CheckFunctionExists.c.o  -o cmTC_a5ab9 -rdynamic -lpthreads 
/usr/bin/ld: cannot find -lpthreads
collect2: error: ld returned 1 exit status
make[1]: *** [cmTC_a5ab9] Error 1
make[1]: Leaving directory `/home/leo/Desktop/Untitled Folder/cmake-build-debug/CMakeFiles/CMakeTmp'
make: *** [cmTC_a5ab9/fast] Error 2


